2018-Feb-27 18:04:26.303928 INFO    [simplewallet] forknote wallet v2.1.2.1251 ()
2018-Feb-27 18:04:50.646396 ERROR   [simplewallet] Error: wallet failed to connect to daemon (http://localhost:1223).
2018-Feb-27 18:04:50.682066 INFO    [simplewallet] Generated new wallet: C6Wr89wHG5oDSLFit27hm4ebF1fBzGdnAdHWi759pF44McLWyZNhdQpVeb6hREbR427tNmrnJmcj6RH4JXc2Ls5L1EU6fJd
2018-Feb-27 18:04:50.682066 INFO    [simplewallet] view key: a18f66a45a3905cbf77dc465a4d723c47e6168fabb2bf3fb512e9e67a3645c0e
2018-Feb-27 18:04:50.682746 INFO    [simplewallet] **********************************************************************
Your wallet has been generated.
Use "help" command to see the list of available commands.
Always use "exit" command when closing simplewallet to save
current session's state. Otherwise, you will possibly need to synchronize 
your wallet again. Your wallet key is NOT under risk anyway.
**********************************************************************
2018-Feb-27 18:11:16.063178 INFO    [simplewallet] Wallet connected to daemon.
2018-Feb-27 18:13:04.440622 INFO    [simplewallet] available balance: 0.00000000, locked amount: 0.00000000
2018-Feb-27 18:13:11.689215 INFO    [simplewallet] Wallet closed
2018-Feb-27 18:13:16.174820 INFO    [simplewallet] forknote wallet v2.1.2.1251 ()
2018-Feb-27 18:13:25.993764 INFO    [simplewallet] Loading wallet...
2018-Feb-27 18:13:26.083900 INFO    [simplewallet] Opened wallet: C6Wr89wHG5oDSLFit27hm4ebF1fBzGdnAdHWi759pF44McLWyZNhdQpVeb6hREbR427tNmrnJmcj6RH4JXc2Ls5L1EU6fJd
2018-Feb-27 18:13:26.084098 INFO    [simplewallet] **********************************************************************
Use "help" command to see the list of available commands.
**********************************************************************
2018-Feb-27 18:13:26.111384 INFO    [simplewallet] Height 0, transaction 4791fb9f0b48df3bca64a1d49c60f3e81cec8a148364d1db7b2006344ecb31c9, received 315000000.00000000
2018-Feb-27 18:13:26.111902 INFO    [simplewallet] Height 1, transaction 1bb947f4d9223cb04c2f52f92cc7abc0cb498fb3ecb9435d5ee97e8b5ab935bd, received 223125000.00000000
2018-Feb-27 18:13:26.112044 INFO    [simplewallet] Height 2, transaction 719e9832482ee86d061b64ea50ea5dec1b5fcc21378c6d388cdd6e28ce72841e, received 195234375.00000000
2018-Feb-27 18:13:26.112185 INFO    [simplewallet] Height 3, transaction 8ee221e7aea116bd57dba9077e1b8ecc638672f474743cc481ddf38624b887a0, received 170830078.12500000
2018-Feb-27 18:13:26.112325 INFO    [simplewallet] Height 4, transaction 7d2ac007475d49e61d7c8e8831ffc6abc381436dfbbfb281d67ff64a192b4969, received 149476318.35937500
2018-Feb-27 18:13:26.112471 INFO    [simplewallet] Height 5, transaction 6f79f60dd032602076116faf9ac76c8b4310323c90265ef424d16c5b1c564129, received 130791778.56445312
2018-Feb-27 18:13:29.731849 INFO    [simplewallet] available balance: 0.00000000, locked amount: 1184457550.04882812
2018-Feb-27 18:14:04.394281 INFO    [simplewallet] Wallet closed
2018-Feb-27 18:14:19.544448 INFO    [simplewallet] forknote wallet v2.1.2.1251 ()
2018-Feb-27 18:14:35.773515 INFO    [simplewallet] Loading wallet...
2018-Feb-27 18:14:35.845640 INFO    [simplewallet] Opened wallet: C6Wr89wHG5oDSLFit27hm4ebF1fBzGdnAdHWi759pF44McLWyZNhdQpVeb6hREbR427tNmrnJmcj6RH4JXc2Ls5L1EU6fJd
2018-Feb-27 18:14:35.845831 INFO    [simplewallet] **********************************************************************
Use "help" command to see the list of available commands.
**********************************************************************
2018-Feb-27 18:14:35.883356 INFO    [simplewallet] Height 6, transaction 67d710290354ee2be06f8b884cbd62f075858cc3d36bf86179b099072e7e489b, received 114442806.24389648
2018-Feb-27 18:14:35.883560 INFO    [simplewallet] Height 7, transaction f3d144768326e3e8a131fcd77dd6cb454d2aaafe00693ce7d6be9a01df5b4e76, received 100137455.46340942
2018-Feb-27 18:14:35.883704 INFO    [simplewallet] Height 8, transaction 3a58f098e475d85b5760ca31f571f59577612659507b4de13fd0922d844a7ecd, received 87620273.53048324
2018-Feb-27 18:14:35.883839 INFO    [simplewallet] Height 9, transaction a44081b0f368a860911374754604fe322dbb77c392e31be5454a16baf7972c33, received 76667739.33917284
2018-Feb-27 18:14:35.883995 INFO    [simplewallet] Height 10, transaction e9abdb450c591c6d28eb99ca528dec851dd1a03a1ffa848e4e80c620fe76fd51, received 67084271.92177623
2018-Feb-27 18:14:38.903187 INFO    [simplewallet] available balance: 0.00000000, locked amount: 1630410096.54756633
2018-Feb-27 18:14:40.798017 INFO    [simplewallet] Height 11, transaction 2fd7712d6979b6290a1e6cf1b60d3200d2c1ba37f356b27d36165021a3e04174, received 58698737.93155420
2018-Feb-27 18:14:45.802873 INFO    [simplewallet] Height 12, transaction a3a56c9281da83fbdbef9189493dc1413fadd28de7367efbf2bb4a385a232f39, received 51361395.69010993
2018-Feb-27 18:15:15.827339 INFO    [simplewallet] Height 13, transaction 3b5e2312f42845df1caeb791a656d18cc4e94ee2020727e35762a2727f3d30ce, received 44941221.22884619
2018-Feb-27 18:15:35.852357 INFO    [simplewallet] Height 14, transaction 3902aad912efe35918c038f5c0dd25361d4ae709b638168fdaeaf5ab23912e52, received 39323568.57524041
2018-Feb-27 18:16:10.874144 INFO    [simplewallet] Height 15, transaction 5d18e65017af0d28a6202bfbf75ecd641e2c0401add674ad82e8242950a816db, received 34408122.50333536
2018-Feb-27 18:16:15.873291 INFO    [simplewallet] Height 16, transaction 23743c4673a854cfa032310fa938d1e0da64b97ec0fe3757aad937ecf3a1a7fb, received 30107107.19041844
2018-Feb-27 18:16:25.891829 INFO    [simplewallet] Height 17, transaction e526faa2e40b3eac4285e4b18b6ce033e421289a7fa9a25bb61723d9dacea240, received 26343718.79161614
2018-Feb-27 18:16:25.892027 INFO    [simplewallet] Height 18, transaction e9fb285300f154fef3fbae2a066fca0cd7e9cd6829ffbe66758fdf834b04669a, received 23050753.94266412
2018-Feb-27 18:16:30.889877 INFO    [simplewallet] Height 19, transaction 4eb80a726a684987bcf5df1b75fd6fb034554436a6ad71d5b74d03c81ccebec1, received 20169409.69983111
2018-Feb-27 18:16:45.894875 INFO    [simplewallet] Height 20, transaction 116a1e2cfdd56e6f34626fc4504a21c2db330b85586950d32435efa5ceb113ab, received 17648233.48735222
2018-Feb-27 18:16:55.899853 INFO    [simplewallet] Height 21, transaction b19bad5784413a326b41faad067ed59337bb43122dfc0cdd20937e3e184ddb2c, received 15442204.30143319
2018-Feb-27 18:17:10.909443 INFO    [simplewallet] Height 22, transaction 554780e57e6943637c4b93b91c0984bf50a1801293ada54c237b20cb84f950e7, received 13511928.76375404
2018-Feb-27 18:17:25.917743 INFO    [simplewallet] Height 23, transaction b9366ad8aff49c514713038228abdc0ca74d5c84863c87c4f9a314f07751eb21, received 11822937.66828479
2018-Feb-27 18:17:40.932613 INFO    [simplewallet] Height 24, transaction 28c2730e5dc936aa419b7dbb19a90026aca820919188b55c706918488b17c59d, received 10345070.45974919
2018-Feb-27 18:17:45.937851 INFO    [simplewallet] Height 25, transaction da07044c1a202d2fda57f0e6b79a9a4d40bacfbd34e14408ea8d2a7814bfa12b, received 9051936.65228054
2018-Feb-27 18:18:05.953487 INFO    [simplewallet] Height 26, transaction feac9accb17b1f27b732afd868f82c60a25156c7d5b83e96228a3374099b1229, received 7920444.57074547
2018-Feb-27 18:18:20.981540 INFO    [simplewallet] Height 27, transaction 0168f9ed66fe9bef597109d67f0d5e0842686b4a39ac4704e3c2e6315765c187, received 6930388.99940229
2018-Feb-27 18:18:20.981733 INFO    [simplewallet] Height 28, transaction c5411e8398e5641006d612760b82676d2b66c232716ad85576d747c6ca93935c, received 6064090.37447700
2018-Feb-27 18:18:20.981874 INFO    [simplewallet] Height 29, transaction 229e082ff21504c9dc5154a31b9fa0279995dcf83f4c94925f06423347b6f2aa, received 5306079.07766738
2018-Feb-27 18:18:30.971079 INFO    [simplewallet] Height 30, transaction 6f77d64908d249ac1df794360c1b4a5184581ff56b12a6da140c5a2aae767e6e, received 4642819.19295895
2018-Feb-27 18:18:50.989859 INFO    [simplewallet] Height 31, transaction 02db6657426101730cbc8d78e3a58b1c2ea894f44dd22d521d45c77f98d7f259, received 4062466.79383908
2018-Feb-27 18:18:55.992188 INFO    [simplewallet] Height 32, transaction fbd23dc2da346568f0c17280d5085123f866b7bc19cca06b58819c173a0bb9da, received 3554658.44460920
2018-Feb-27 18:19:00.994398 INFO    [simplewallet] Height 33, transaction 0a992603f2a547bf28abaea7603f4c82db9f50aa12a77a87d64b4afb1f18d58a, received 3110326.13903305
2018-Feb-27 18:19:16.007797 INFO    [simplewallet] Height 34, transaction 9a3f20144120e77e00a72dd6dd586958b815bfa98e8cf5e0ee03a1a7c1b735bd, received 2721535.37165392
2018-Feb-27 18:19:36.058713 INFO    [simplewallet] Height 35, transaction 5888fd7013a230b36ee8072506b360074d13377a21c9a7d67153595edec77f14, received 2381343.45019718
2018-Feb-27 18:19:36.058900 INFO    [simplewallet] Height 36, transaction 56b5103903390be18f217086378f286058c8f81c2ff2296e4cb95b50aa6e412f, received 2083675.51892253
2018-Feb-27 18:19:36.059038 INFO    [simplewallet] Height 37, transaction a0c615799891477310f7616ce2ae51ee23b59e17490936bff0e5493dbab22a93, received 1823216.07905721
2018-Feb-27 18:19:41.066518 INFO    [simplewallet] Height 38, transaction be24e1bf6cdb70d80e01394332e86ab355a540e85d21a8e3f7ec1172823abc47, received 1595314.06917506
2018-Feb-27 18:19:41.066702 INFO    [simplewallet] Height 39, transaction 032ae8051ddb375fca517a2dd81f20aa0861f90430c6f2ce6e63bf2d2df1be80, received 1395899.81052818
2018-Feb-27 18:19:41.066840 INFO    [simplewallet] Height 40, transaction b2d456d67635cfb9945cd04016c1d9325e09bdb0b20088afb70d906bd53f1a0b, received 1221412.33421216
2018-Feb-27 18:19:41.066963 INFO    [simplewallet] Height 41, transaction 0a5eadb11b32286339e7d7936205483eb0ec131782ca56cd274867585580f6a4, received 1068735.79243564
2018-Feb-27 18:20:01.117604 INFO    [simplewallet] Height 42, transaction 0982fb2f7405f51ba42343ea2882f3ef1ea43fd260f0a79466615b0bfdbdfc23, received 935143.81838118
2018-Feb-27 18:20:06.067747 INFO    [simplewallet] Height 43, transaction 5b0cacc8f03da83437aef2ac6504e8fa45157b3f4036ff19ae1b8d19ba83614f, received 818250.84108354
2018-Feb-27 18:20:11.083227 INFO    [simplewallet] Height 44, transaction 148b660c008dda006c65967c477d533ff8b1382e5fee702b37e2a01ad239ed5d, received 715969.48594809
2018-Feb-27 18:20:11.083413 INFO    [simplewallet] Height 45, transaction 68dce96bef7728e96fa0453ba4807eef22ea3bd54ef1b092255f78a2289e9b53, received 626473.30020458
2018-Feb-27 18:20:36.115679 INFO    [simplewallet] Height 46, transaction 43382580dd54cbffe4fc26b303f62d4a4edd3f76f48af18713de01a8b7be6eab, received 548164.13767901
2018-Feb-27 18:20:36.115869 INFO    [simplewallet] Height 47, transaction c705d389312b986cf99084f50a8a2bdd3fdcdf647aa4dbf54f12989354f96ee7, received 479643.62046913
2018-Feb-27 18:20:46.109784 INFO    [simplewallet] Height 48, transaction 499257ae8c62b66abffe24bc3d322025a024f226d6d81c259c8331a245b8325b, received 419688.16791049
2018-Feb-27 18:21:11.134827 INFO    [simplewallet] Height 49, transaction 0e91c7be128a63a340f75e2b55b34a89e2aa3f4de44875c03c6980dab91d377d, received 367227.14692168
2018-Feb-27 18:22:21.202790 INFO    [simplewallet] Height 50, transaction e7050d9488b4348cbca0d176e08a44920f429d4fabbeae39f8b8592dad5dbcd8, received 321323.75355647
2018-Feb-27 18:22:41.215531 INFO    [simplewallet] Height 51, transaction 312a65ed0c377e159b06469b0f015071406ed615d9abbbcf342e764952858bb3, received 281158.28436191
2018-Feb-27 18:22:56.229639 INFO    [simplewallet] Height 52, transaction bfeea8b0b033cfd67ea44829b6cabf44886ea713dab7913fc564d25422390dcb, received 246013.49881667
2018-Feb-27 18:23:01.237502 INFO    [simplewallet] Height 53, transaction 1f2dc635d99cf0d6bb1d49a54e9e815d6c960dc96fbd3f1eb3b8b376ab7f83d0, received 215261.81146459
2018-Feb-27 18:23:31.274432 INFO    [simplewallet] Height 54, transaction 48a3631156b015e0bc8b1198ffe164538b3be612d5816257ef7f6a2a791ae3cd, received 188354.08503152
2018-Feb-27 18:23:31.274621 INFO    [simplewallet] Height 55, transaction 7b1e5890c97bf6fe97bcc870cd95494453623482db3c15d1fa4891d1e83a508f, received 164809.82440258
2018-Feb-27 18:23:31.274764 INFO    [simplewallet] Height 56, transaction 8208280cf7dc0ac9b416bff4d7b70d5bd20ce5233c9e65695b2c57cbc9a7f006, received 144208.59635225
2018-Feb-27 18:23:36.269560 INFO    [simplewallet] Height 57, transaction f17daca51ce500977ba91096550ab56256f1389891a7be5ba669c23af44f3ed1, received 126182.52180822
2018-Feb-27 18:23:41.267795 INFO    [simplewallet] Height 58, transaction 7966c781a053130f7420dc6fcba61493513210fecd480b1a54bb774d780a7ed3, received 110409.70658219
2018-Feb-27 18:24:21.333437 INFO    [simplewallet] Height 59, transaction ee986cf4a16ead4503797bf15de204981477beb8054810ae63c046f1a919e9e6, received 96608.49325942
2018-Feb-27 18:24:21.333628 INFO    [simplewallet] Height 60, transaction 6293ac6eaa6c9a78eb55c298e6e92d96e9d0175711badfd15a3d10308d2622e5, received 84532.43160199
2018-Feb-27 18:24:21.333775 INFO    [simplewallet] Height 61, transaction 297b5441aaa5a07a02b8e6266f117036fd207832b908f6eae75142f428016d33, received 73965.87765174
2018-Feb-27 18:24:21.333902 INFO    [simplewallet] Height 62, transaction fa0265ee9371b580b804c35ffcedc1a7b98641352ca335819a372d016960f941, received 64720.14294528
2018-Feb-27 18:24:26.314540 INFO    [simplewallet] Height 63, transaction ffac0041860b6e4806ffe02916dd75a9d842f4210e60c613b87c5bd35978cdce, received 56630.12507712
2018-Feb-27 18:24:36.354360 INFO    [simplewallet] Height 64, transaction 0dab0d5cc814fa4eeb4273283ec224f546d9315f9e82e03bdcdd84dda1b1f663, received 49551.35944248
2018-Feb-27 18:24:36.354559 INFO    [simplewallet] Height 65, transaction 3e400288e16f183285caf9ef0ec429f531edb9bf4c81ff138153cea77d122bbc, received 43357.43951217
2018-Feb-27 18:24:36.354696 INFO    [simplewallet] Height 66, transaction 6332618ce11a9fcb47b94739d618f120f870620838d8a08b952db2f2de0cbfee, received 37937.75957315
2018-Feb-27 18:24:41.338260 INFO    [simplewallet] Height 67, transaction 3e55cbad9ccbd5b0bf621dc481c59ed4527207aa5fae8952365cb10e209cd767, received 33195.53962650
2018-Feb-27 18:24:56.342899 INFO    [simplewallet] Height 68, transaction 7530afd97ab574bcde9deccad90ed63944ea94b5ff8a74e4d219985bcfc92e7d, received 29046.09717319
2018-Feb-27 18:25:11.355350 INFO    [simplewallet] Height 69, transaction 6405a7a528650d14edbc45e31c4375c27956be82790b89a096db1e8926b51836, received 25415.33502654
2018-Feb-27 18:25:11.355549 INFO    [simplewallet] Height 70, transaction 7cd8c8d0c2749bbd138b17eb9cda9d1bb4c12af1950100cf022223986eca8692, received 22238.41814822
2018-Feb-27 18:25:21.390661 INFO    [simplewallet] Height 71, transaction 4cbae9078c4fdb77381f85de3211fc26ad934da49c9cf0d6bb5ded8c4fe73f94, received 19458.61587970
2018-Feb-27 18:25:21.390854 INFO    [simplewallet] Height 72, transaction 7fdd3bbf14426c93ce2aedd94cb071944aa84049e66b48b60f082f0b32d91dd7, received 17026.28889473
2018-Feb-27 18:25:21.390995 INFO    [simplewallet] Height 73, transaction f3a19a8ddf76178caa7edc715b29732a4b9edfa7408b274c1ca431fcb17c5c6d, received 14898.00278289
2018-Feb-27 18:25:21.391123 INFO    [simplewallet] Height 74, transaction 32642664890666c5b875bcd6f6d70408829bfc621d8dba88c56b5ae8703661c8, received 13035.75243503
2018-Feb-27 18:25:26.361519 INFO    [simplewallet] Height 75, transaction ce53bb0888a4ca9a5fe0ca3817960780d3bc88f838ea20482c2f826e424af069, received 11406.28338065
2018-Feb-27 18:25:51.387909 INFO    [simplewallet] Height 76, transaction 1f02006a970328d4e6e293d38cbe4662a9572f23e4baf0130a8f1cec39eb6f84, received 9980.49795807
2018-Feb-27 18:25:56.394898 INFO    [simplewallet] Height 77, transaction 19629b814e9a117a1f3ff7d46bf6371bd539cf4c5d93f68ce03014bc81d419ca, received 8732.93571331
2018-Feb-27 18:26:36.434677 INFO    [simplewallet] Height 78, transaction 1b8bd2eba7cb322fb9d15b1534a6f9f585581c2bc4f54485dadae1e7dcbcd659, received 7641.31874915
2018-Feb-27 18:26:56.457101 INFO    [simplewallet] Height 79, transaction a146f2e294e8211e8093d4d4e264f888625e46d6ddd4eabbf2a663c43884f9cb, received 6686.15390550
2018-Feb-27 18:27:36.483613 INFO    [simplewallet] Height 80, transaction 9b3aa50f0f9b29ca9aed40552900acc50a55505d22c47451030a9db1eb67bc06, received 5850.38466732
2018-Feb-27 18:28:56.566220 INFO    [simplewallet] Height 81, transaction 1d71447ce4d644a30b0969d21a280b6ab88de7bb9d0120ffcdb8061022335dad, received 5119.08658390
2018-Feb-27 18:28:56.566413 INFO    [simplewallet] Height 82, transaction 2464a97c3880b46c7f299eb1646e8883e0fe46f1ed58150e7f67ffda9270c988, received 4479.20076091
2018-Feb-27 18:29:11.570265 INFO    [simplewallet] Height 83, transaction 94e3a53bcfc3d84a7dabc1a8009e6439d8fc53d44b57408f0f36c8a151fd7e8f, received 3919.30066580
2018-Feb-27 18:29:16.575729 INFO    [simplewallet] Height 84, transaction c97f7c884e9d0370a44894cf1bc5674777b40e8104b6970a8c205292d391df62, received 3429.38808258
2018-Feb-27 18:29:21.573298 INFO    [simplewallet] Height 85, transaction bb3dfe4bb67509a985dd66f34469f0a0042db0fea70975225f0dd3c45c16024f, received 3000.71457225
2018-Feb-27 18:29:31.586273 INFO    [simplewallet] Height 86, transaction 20c06b523655a4ac524e021e84c4c70630a1ea4ad59c67518ef5f7569ef1ce30, received 2625.62525072
2018-Feb-27 18:29:41.590935 INFO    [simplewallet] Height 87, transaction 836814f55b52310ca388485fa6645ca3dd1992362d7fe02d823c682aa082bfb5, received 2297.42209438
2018-Feb-27 18:29:46.593403 INFO    [simplewallet] Height 88, transaction 30fa6bf5deb4b20caeb3ddf180918d3a493ebc3e87b6ee10020e7530a3b75067, received 2010.24433258
2018-Feb-27 18:29:51.599553 INFO    [simplewallet] Height 89, transaction 654e15229ef1ee41f56d9debb5330e34e7b5f2d0274da342a4081bf4e73e29f4, received 1758.96379101
2018-Feb-27 18:29:56.612789 INFO    [simplewallet] Height 90, transaction 90168712c7056c3af103a6e6bd23c893fa7163c45f79b689558af37d5a1d1e44, received 1539.09331714
2018-Feb-27 18:29:56.612990 INFO    [simplewallet] Height 91, transaction 433e527e83404813c995cbffb52f6551ae6c12c5e3367f3152f3b535d4c674b6, received 1346.70665249
2018-Feb-27 18:30:01.608222 INFO    [simplewallet] Height 92, transaction fdf6009b0ba35428ea1a0d81cca745a9c5ae8613dcc8e1f932da93602529296d, received 1178.36832093
2018-Feb-27 18:30:16.621188 INFO    [simplewallet] Height 93, transaction 61cbdd705b15f7a2a247f8cda259d6205cedc6c59c319ad63cbf6d2ffc4b3c43, received 1031.07228082
2018-Feb-27 18:30:21.623694 INFO    [simplewallet] Height 94, transaction b2c9828d21a43acfaa7fe334fbec6fa26f0f7868cf95f996aac92d0b9050c67d, received 902.18824571
2018-Feb-27 18:30:26.631164 INFO    [simplewallet] Height 95, transaction 3fcd88355032a4b6b53ecda78c729abb7bdc572aef866b5773e2be7bec0c8128, received 789.41471500
2018-Feb-27 18:30:51.650837 INFO    [simplewallet] Height 96, transaction 0235499609fcfc752b1569b0a88656c6f2c71348ddc8267217a23a2c07746e29, received 690.73787562
2018-Feb-27 18:30:56.655038 INFO    [simplewallet] Height 97, transaction ba6617a580b400f7e8125675f80fd74410adf687997bd9cbe44f184a77b510d7, received 604.39564117
2018-Feb-27 18:31:01.662279 INFO    [simplewallet] Height 98, transaction c5719c9a83516c1bea3624b5eec96dc2306f5f7764f9dd0eb131cd26955bb4ad, received 528.84618603
2018-Feb-27 18:31:11.672414 INFO    [simplewallet] Height 99, transaction 3c3117e595f78947f362ac82ad3b2a0b692ae2c13a0c8ee1b53a27c52f3746b1, received 462.74041277
2018-Feb-27 18:31:16.686128 INFO    [simplewallet] Height 100, transaction 0074a138ddfb7282d400d542de26ee2136ee4fe18e53d302d6bfa54b953e7d30, received 404.89786118
2018-Feb-27 18:31:16.686314 INFO    [simplewallet] Height 101, transaction 4dcb25073a510223fe31e9e7d523cc9d43111c6702b214e3177969de8c08e516, received 354.28562853
2018-Feb-27 18:31:16.686456 INFO    [simplewallet] Height 102, transaction 4eefdce9489e4ab931599c0c7bb155cf259da98dc3fcfb1008b03e8a8811f3e5, received 309.99992496
2018-Feb-27 18:31:36.692683 INFO    [simplewallet] Height 103, transaction b6e6f48cfe99843200c14dd483b3924ac6255ce65659cce62f36bb8953e44329, received 271.24993434
2018-Feb-27 18:32:11.747304 INFO    [simplewallet] Height 104, transaction 68ff624cb49f982e3c226a848e948100e65357f6354270f33fa8b73b1ea1c177, received 237.34369255
2018-Feb-27 18:32:21.724820 INFO    [simplewallet] Height 105, transaction 3ef9f30a2a3099c925278d5c97a5b5cd96bbc46baf7c945652be698305d362f9, received 207.67573098
2018-Feb-27 18:32:36.737886 INFO    [simplewallet] Height 106, transaction d14690d068e9c2af3a17bf6e720752ea43cc564da2a72532d2e0a1945a8f01b0, received 181.71626461
2018-Feb-27 18:32:41.751829 INFO    [simplewallet] Height 107, transaction c48321292fabd3d511213b7f36e33b43dc5e922fdf14b92c2e296806feff61e2, received 159.00173153
2018-Feb-27 18:32:41.752031 INFO    [simplewallet] Height 108, transaction ee3df996b2a21ae41acf69c9ed51939e3e73450e12fa8558ec43e997747fa3e0, received 139.12651509
2018-Feb-27 18:33:01.774678 INFO    [simplewallet] Height 109, transaction 4478f963b4ec8bc6474013e279e4ae00c7d16f3a6a6106829654c82f4c5af990, received 121.73570070
2018-Feb-27 18:33:01.774869 INFO    [simplewallet] Height 110, transaction 00762a40db64c9ff09794456db7619670de0d8b5cb5592c3db9fdd585eef31e2, received 106.51873812
2018-Feb-27 18:33:01.775006 INFO    [simplewallet] Height 111, transaction de3f3d019122294fcc27a4a3c98463ee2596fb4a1785b591e91115d9e75a26b9, received 93.20389585
2018-Feb-27 18:33:26.778735 INFO    [simplewallet] Height 112, transaction 75321e8779b1f2ac53cd07ed017d00ca2fea053e925a70684a2cfeb39297049e, received 81.55340887
2018-Feb-27 18:33:36.787650 INFO    [simplewallet] Height 113, transaction 3bf125b864d954a08c423f3f2b9f5a0aee1fc435079e8d90762e3e22ca6775b0, received 71.35923276
2018-Feb-27 18:33:46.799739 INFO    [simplewallet] Height 114, transaction a23fb583fd40e426e894ce42562ba7c2043045e2f5bb1794a0d6c0a5f27a4acf, received 62.43932867
2018-Feb-27 18:33:51.811951 INFO    [simplewallet] Height 115, transaction 971f1c86b4ba0a0d0228db66a508c984d89bc45412fe50ff7bea96669e6ce940, received 54.63441258
2018-Feb-27 18:33:56.812491 INFO    [simplewallet] Height 116, transaction 847ba8a6bcdcbc70aab05fe026c13316ec9519bf396a73f168e9a94e02bc3699, received 47.80511101
2018-Feb-27 18:34:56.863635 INFO    [simplewallet] Height 117, transaction 9520b6be2a57f545358369d0179f961822de4d702eef72ccf2e23abb8724f352, received 41.82947213
2018-Feb-27 18:35:01.885186 INFO    [simplewallet] Height 118, transaction ebdd8888766e20fa218ac5531bdd977f69454f13d88ce389839c64351b4b6cdd, received 36.60078812
2018-Feb-27 18:35:01.885393 INFO    [simplewallet] Height 119, transaction 88cb49611054b55e605acab383795a72915cee4ac6c19f17baaf6b65736167a1, received 32.02568960
2018-Feb-27 18:35:01.885549 INFO    [simplewallet] Height 120, transaction 594a584bd74f2d72ec6a66d917a8173f70e824c7a519c18d29d657bee1eca01f, received 28.02247840
2018-Feb-27 18:35:06.881544 INFO    [simplewallet] Height 121, transaction 39061b6942bbf5e3e421ddb1901281b405847b2fc20017e3bdc36322ec32cd9f, received 24.51966860
2018-Feb-27 18:35:06.881750 INFO    [simplewallet] Height 122, transaction c99363fdd5c80051f94d9ae61b3f0c8fcb5ddd6b8724dedf98fa5c4f6a8f6dc2, received 21.45471003
2018-Feb-27 18:35:11.882006 INFO    [simplewallet] Height 123, transaction ccbfe5de8947974410b5c5587a4341740cbf4b2f21395ec23c6a5b0ed458921d, received 18.77287127
2018-Feb-27 18:35:31.902224 INFO    [simplewallet] Height 124, transaction c5671384a6fbbb1c809eaec7fc561df8368894852370dd45263f6e685b1995d0, received 16.42626237
2018-Feb-27 18:35:51.915527 INFO    [simplewallet] Height 125, transaction 504577963d1f0949b915574f4b19bc589c74978e6452a95da17e07fb2f38c174, received 14.37297957
2018-Feb-27 18:36:01.923475 INFO    [simplewallet] Height 126, transaction 87c774fcabf1aff07a031dda9c348c8c9e0faed15bfcba676d2150f2299cd395, received 12.57635712
2018-Feb-27 18:36:11.925569 INFO    [simplewallet] Height 127, transaction 1a4c3ef4a4be67667381086471c48acd6efe9bd9094fd169d1fafbead96145ae, received 11.00431248
2018-Feb-27 18:36:36.949600 INFO    [simplewallet] Height 128, transaction d1cbb7d8c03c7c3855fa2f8a54b39352a5324e5510089f3fb08e62f8fdf31c38, received 9.62877342
2018-Feb-27 18:36:41.954887 INFO    [simplewallet] Height 129, transaction 0fca2b3657810bfd2caa345eb8418efd81a8d10a866e65d446fa38ae51bd7f05, received 8.42517675
2018-Feb-27 18:36:46.957064 INFO    [simplewallet] Height 130, transaction 77cf90742486ffc204d7cf3063608db75de7d01b1db317c941ee13a81110697d, received 7.37202965
2018-Feb-27 18:36:51.961652 INFO    [simplewallet] Height 131, transaction b04fc8904050ac144f87a293855f502e872daa258190791261b10554d6a6736f, received 6.45052595
2018-Feb-27 18:36:56.971298 INFO    [simplewallet] Height 132, transaction 996bf84d60dc1c63b6d3ad443cbcc64f54240b7ac67968424b22b59eb6716601, received 5.64421020
2018-Feb-27 18:37:01.971504 INFO    [simplewallet] Height 133, transaction a08383a6cd3174734d77a680505354e43fa2a540c63d06a88fb2f35af4067cfb, received 4.93868393
2018-Feb-27 18:37:06.977857 INFO    [simplewallet] Height 134, transaction b76b57e090fc73e87988fd21222373c2fbc5509c4a79c611ccab3f7080e076ea, received 4.32134844
2018-Feb-27 18:37:16.982216 INFO    [simplewallet] Height 135, transaction 8876c2b15e79b748b0946a9d571f789d033057a6297ba42554b2964b65404b1d, received 3.78117988
2018-Feb-27 18:37:26.994612 INFO    [simplewallet] Height 136, transaction b9f077549cf22a0597f867fa14c57b84d9301b47c2c94e270bb7ec4d0d222b40, received 3.30853240
2018-Feb-27 18:37:36.999477 INFO    [simplewallet] Height 137, transaction b1f78d6c0233d386535e451e25dcb0083cbce60ea9cbba6655faba217c6ef802, received 2.89496585
2018-Feb-27 18:37:47.009244 INFO    [simplewallet] Height 138, transaction 3eb389c2c20390adced34d6caee08638eb67781800a72071c4cff6aebd2bc964, received 2.53309511
2018-Feb-27 18:37:57.020530 INFO    [simplewallet] Height 139, transaction 2865a2f6bfc5f153ed47035f8b61a751a9548ed2d0c2380e20d73b6e96e2f99f, received 2.21645823
2018-Feb-27 18:37:57.020741 INFO    [simplewallet] Height 140, transaction 945e3cb4a66d24524ebec2fc45d48af2dc4224d0f2ee1645e09012f6fa1f558d, received 1.93940095
2018-Feb-27 18:38:02.027552 INFO    [simplewallet] Height 141, transaction acc9d0d0355a015078faf34eada1495660bdfbe759414d0d26db6248f0dc2e15, received 1.69697583
2018-Feb-27 18:38:22.049751 INFO    [simplewallet] Height 142, transaction 0ebfca02c82c3bcc2b62d990071336860b9cb6c0e8a61a2a99bb1756c9e79866, received 1.48485385
2018-Feb-27 18:38:27.051145 INFO    [simplewallet] Height 143, transaction 0e717c0d3ceda7defb2d87f9b6e97e2f81814dd136c324e13e866a5e770039f0, received 1.29924712
2018-Feb-27 18:39:02.084926 INFO    [simplewallet] Height 144, transaction 0c62de0138a0b4b884fee7ea8b5de25b1a94abe2302df5f974a71407bb74fc2b, received 1.13684123
2018-Feb-27 18:39:02.085156 INFO    [simplewallet] Height 145, transaction 7641818cf0e35ddde059f38005891024a2e34363bb768b7321ddd830ae3ee782, received 0.99473607
2018-Feb-27 18:39:12.087111 INFO    [simplewallet] Height 146, transaction 0caf2e957fcda4406e6d5abdeb89162d13c1f8380aa1a3b7c7049379a8e4f62d, received 0.87039407
2018-Feb-27 18:39:47.119829 INFO    [simplewallet] Height 147, transaction cac3bc5734491ad03e2430a11cfd4def8b57e099b0fac277e3321d84a727bb46, received 0.76159481
2018-Feb-27 18:40:22.149937 INFO    [simplewallet] Height 148, transaction 37e3f80d330c9718339fe40c7889eaecf97ebbf97aee22d13fb8dd168b1dc043, received 0.66639546
2018-Feb-27 18:40:37.169685 INFO    [simplewallet] Height 149, transaction fb84d21b6c566521e737bc8b5f5f741753316c4fd82e38940b29528093220a8c, received 0.58309602
2018-Feb-27 18:40:37.169915 INFO    [simplewallet] Height 150, transaction 8fcd689f49fd0ff6e1f046a91dfcfc2173f4c14aa2de8b1e7b8d2fda4c852807, received 0.51020902
2018-Feb-27 18:40:53.372948 INFO    [simplewallet] Height 151, transaction 5592c718501b854a184cc00d744e455d6dec58c970c5bacb4884484a2fdcd591, received 0.44643289
2018-Feb-27 18:40:58.374982 INFO    [simplewallet] Height 152, transaction 6560912352730de6d9c9d129d5c9c553c39895a19a0422004c7268aaf7745e0a, received 0.39062878
2018-Feb-27 18:41:03.380793 INFO    [simplewallet] Height 153, transaction 4dac63d3b15cec159d2498a1c20a14705b439373f8cb3673716f7442bae78246, received 0.34180018
2018-Feb-27 18:41:13.385180 INFO    [simplewallet] Height 154, transaction a99e54d7e7adb4567a7df0e75164822d4241a3b6dffb7919d96c92c2c911ce81, received 0.29907516
2018-Feb-27 18:41:28.402491 INFO    [simplewallet] Height 155, transaction 8f0874e074b5448c9a41fd9799dfe44bfd8ab5cac0f43a769eb1b5df78a391bd, received 0.26169077
2018-Feb-27 18:41:33.404605 INFO    [simplewallet] Height 156, transaction a0f49b15a8a3717581df4635ccd7e4203955bd6434ee7334e8f86dfe4f79745f, received 0.22897942
2018-Feb-27 18:41:38.405050 INFO    [simplewallet] Height 157, transaction 0234dfe1b875d589b83f677f99d43119d70ccdf5c51ea755023acd2c69087300, received 0.20035699
2018-Feb-27 18:41:48.419856 INFO    [simplewallet] Height 158, transaction 4fabdadfa7ea0a3049017ab3449e0769e46dda9e53f3790c1fb04fea7b0a4e00, received 0.17531237
2018-Feb-27 18:42:03.443059 INFO    [simplewallet] Height 159, transaction 8caca391d2f26fb12a66d373f921e7b583d8d017d559d8de3b5ee31710d89b2e, received 0.15339832
2018-Feb-27 18:42:03.443268 INFO    [simplewallet] Height 160, transaction e87be6b1d24d19811995bd3e96c595c75616e0b5f347b8c6b754630463607b23, received 0.13422353
2018-Feb-27 18:42:08.436309 INFO    [simplewallet] Height 161, transaction a2991bb2a589d2b5a147bbfd828c9c960d1fe30e474662b075280dd3aff28337, received 0.11744559
2018-Feb-27 18:42:18.444699 INFO    [simplewallet] Height 162, transaction 9b7e1036aa62d6bb9afabc85c04855d548df578a43937e28efdaf455c0ae4d12, received 0.10276489
2018-Feb-27 18:42:43.468267 INFO    [simplewallet] Height 163, transaction 2fd918de9a859af96c9268dffd9e5bc2252f3b1807428c6782c54b077d9a1b17, received 0.08991928
2018-Feb-27 18:42:48.474654 INFO    [simplewallet] Height 164, transaction 553bfa141c4f50122b11c76d6a38f7b24d518714a69d038b10cdfdd75d9dc7d1, received 0.07867937
2018-Feb-27 18:42:53.483917 INFO    [simplewallet] Height 165, transaction 4be544eb22266cb2f827557715eab182c2ae6d5e10e77c7f37189663623b0c65, received 0.06884445
2018-Feb-27 18:42:53.484141 INFO    [simplewallet] Height 166, transaction 283046618bcd2a032a78b32a561651793050424d634ff5d99121cc3346e36ef3, received 0.06023889
2018-Feb-27 18:42:58.519913 INFO    [simplewallet] Height 167, transaction 9d500f477d57d3abffbce857691e3aa4c29e4af4f91509335f4ea00441e0cd52, received 0.05270903
2018-Feb-27 18:43:08.489086 INFO    [simplewallet] Height 168, transaction d88f20dcddcba7a163ccb92ff29e0e44fc6896dc8422672a2b5f9e743171bc3b, received 0.04612040
2018-Feb-27 18:43:18.498404 INFO    [simplewallet] Height 169, transaction fbeddb4e1c348933a42136054b55123771d514f251bee169c3b2b497e2293b2d, received 0.04035535
2018-Feb-27 18:43:23.506649 INFO    [simplewallet] Height 170, transaction 5b3b2bedb95d631374bdee19b021d4089d5180d16e09ddc20bcf2de7f89f13a7, received 0.03531094
2018-Feb-27 18:44:08.554728 INFO    [simplewallet] Height 171, transaction 380c1dcb7584d70108d844dd81c4f2ebaf94f03870def24f1ebbc06efd1e8bc4, received 0.03089707
2018-Feb-27 18:44:13.560298 INFO    [simplewallet] Height 172, transaction 1c1c7253a56cbaab31924b1cfad57bec77dfddd16084fd65142b77867d0d2f48, received 0.02703493
2018-Feb-27 18:44:18.565011 INFO    [simplewallet] Height 173, transaction 23a69b9b470eefb6f40b9725d04bfef39d58ba3c0c703fd40b20cbb00bdad1ef, received 0.02365557
2018-Feb-27 18:44:23.566590 INFO    [simplewallet] Height 174, transaction ea87cc25c0eecf4a26ef6e9d92b380345be8bacd538ff79b39d12e147544ae8a, received 0.02069862
2018-Feb-27 18:44:28.573711 INFO    [simplewallet] Height 175, transaction 0d971d630b3061e33c18d42a18c99587f69e32bd05bfb70a7b986be635a56980, received 0.01811129
2018-Feb-27 18:44:33.579270 INFO    [simplewallet] Height 176, transaction 4d59ac7602ffd5caffa9123b4dfd2b0820de974a63c83ad75b1417dfabcaa2ba, received 0.01584738
2018-Feb-27 18:44:38.585217 INFO    [simplewallet] Height 177, transaction f50472877782d6dd16129948e30c969711e0021318d6b9214ba93d5bc03b40c3, received 0.01386646
2018-Feb-27 18:44:38.585434 INFO    [simplewallet] Height 178, transaction a7f63a67af04a647e5cd883d101b3fff15756393b4a08cadb1edf39865deb09b, received 0.01213315
2018-Feb-27 18:44:43.591121 INFO    [simplewallet] Height 179, transaction 3a540033899db557f41aa679c20bbd80e0e91eb35bdb971ccef64fb972db7347, received 0.01061651
2018-Feb-27 18:44:58.610247 INFO    [simplewallet] Height 180, transaction 95401622b2a9ed36b1cdb9a2a9d66107889f393796a06ab7e041d78cc36f0a83, received 0.00928945
2018-Feb-27 18:45:18.627595 INFO    [simplewallet] Height 181, transaction 376573a44a23f63e7fef8012f89f7a96dc1181ba83554552c65e76daa603db1b, received 0.00812826
2018-Feb-27 18:45:33.637251 INFO    [simplewallet] Height 182, transaction 95e26eb31e9f3dba2bc9a2ea3e3b1989f3f8cd3c1a9d8fb287e6c2067fea26b9, received 0.00711223
2018-Feb-27 18:46:03.660832 INFO    [simplewallet] Height 183, transaction 0ef2c8b64988c9d9e76131d93bc3660e303b2facd354a59b1bca71bf8b569e6c, received 0.00622320
2018-Feb-27 18:46:03.661065 INFO    [simplewallet] Height 184, transaction 22895c77ab57719c39618092533bf6b7e59319b6c738d5b39f6021916d9db9be, received 0.00544530
2018-Feb-27 18:46:18.671625 INFO    [simplewallet] Height 185, transaction 6395ab2ed603b0654638a00b2935c992a98fc5118ed93139fb17f7e373651ade, received 0.00476464
2018-Feb-27 18:46:33.695921 INFO    [simplewallet] Height 186, transaction 2363511e66aa50b925a8ed4591e01092382399deb84837765d22b9834c38079e, received 0.00416906
2018-Feb-27 18:46:33.696136 INFO    [simplewallet] Height 187, transaction bde7207925a6d12de505f9c030c1cd3a6e062dc56499f712060fd32272cb46c4, received 0.00364793
2018-Feb-27 18:46:48.706956 INFO    [simplewallet] Height 188, transaction 2d311f9b35f46bad53f0c65f6c03190ab8a622513c226838ab9893e818236b77, received 0.00319194
2018-Feb-27 18:46:48.707181 INFO    [simplewallet] Height 189, transaction 6e1f148a11dbb115f7cb9d33ba1f2ebcfeeb7e5e63ea482bee89e38a89831ac3, received 0.00279294
2018-Feb-27 18:46:48.707343 INFO    [simplewallet] Height 190, transaction 596b40097a8d5616ae058ed91f5650761a8b6536d28f345c2a4065f35b46956d, received 0.00244383
2018-Feb-27 18:46:58.718737 INFO    [simplewallet] Height 191, transaction 22100782b33df87891f9f81de209ab18cf76465137d15db6fd4e12badda6f7e4, received 0.00213835
2018-Feb-27 18:47:03.719652 INFO    [simplewallet] Height 192, transaction c95df4768911acb86dae41b17cc6becf81ac245c26a63932677e41cc375e3a16, received 0.00187105
2018-Feb-27 18:47:03.719897 INFO    [simplewallet] Height 193, transaction 51669e72dd12ed291af2cf3b2351152e2befdf529526c337eec91caa646e9641, received 0.00163717
2018-Feb-27 18:47:13.729550 INFO    [simplewallet] Height 194, transaction 8f426702009b152298bd00a45282471ac75292bfccc2138fd7ccf27edbfa0982, received 0.00143253
2018-Feb-27 18:47:23.739406 INFO    [simplewallet] Height 195, transaction 986abd086aa255b0e5f8c9143e247df5255f9ad36dd94e50f34b675aa20431ee, received 0.00125346
2018-Feb-27 18:47:38.748986 INFO    [simplewallet] Height 196, transaction 76a55d5c31951dc5949436a6e07fc483846b688864324a68ad1bc92bec02b089, received 0.00109678
2018-Feb-27 18:47:48.754082 INFO    [simplewallet] Height 197, transaction c9fbc51413faa4b1f7b0fdd2eed5107f6dee86079bbd2d39368342b44389e001, received 0.00095968
2018-Feb-27 18:47:53.755642 INFO    [simplewallet] Height 198, transaction 68cdbb891be2815d60fee010858548abad827b77b4a37f0484ef0c5fb2a123fe, received 0.00083972
2018-Feb-27 18:48:23.784439 INFO    [simplewallet] Height 199, transaction dc7ffbb85aff51a8f0e7d746e01b3510fac3887fc09cc58c57f24e3ebde0ae21, received 0.00073476
2018-Feb-27 19:06:44.990226 INFO    [simplewallet] Height 200, transaction f3ab8b5e0229d165d41213cf69a38a76be1d9bf1a342b9d6ce07295fab513a10, received 0.00064291
2018-Feb-27 19:06:50.000198 INFO    [simplewallet] Height 201, transaction 60b44b518e3cf26590bdcd29d9384dc5246ab85f8e50c061a47935b03d8a377a, received 0.00056255
2018-Feb-27 19:06:50.000429 INFO    [simplewallet] Height 202, transaction 36e85bf16242c2a3a7a6cf662d5cfd333354aed6d2bfcf7aac717e8d1188a069, received 0.00049223
2018-Feb-27 19:06:55.001592 INFO    [simplewallet] Height 203, transaction fe9f784cc95508f1d0aac64f4d26d8b2f4d73a201c24e0eb56c24f8c16b09969, received 0.00043070
2018-Feb-27 19:06:55.001813 INFO    [simplewallet] Height 204, transaction 99073a23392cf5ce4968998b73982acf50bcaf3a6f2395c1fcabe745f468b12f, received 0.00037686
2018-Feb-27 19:07:00.014182 INFO    [simplewallet] Height 205, transaction df56dfd0b1d164b50efce6e9867b0bae473d5ee576eff1566910cf53b2168eb9, received 0.00032975
2018-Feb-27 19:07:00.014391 INFO    [simplewallet] Height 206, transaction 8d2c8246b2dcbd1baecbcc254851593cf437af3d2eff049ab089d0f12f3bc21f, received 0.00028854
2018-Feb-27 19:07:00.014540 INFO    [simplewallet] Height 207, transaction 9ff5ca95649e44c87f879180a1ae963d5f0264b5d9d9452add6bc21f1c506e87, received 0.00025247
2018-Feb-27 19:07:00.014680 INFO    [simplewallet] Height 208, transaction c6c3f3850b54bb28feb2d65462533d3da5888932debbef6f4ce61b976f44bbb6, received 0.00022091
2018-Feb-27 19:07:00.014828 INFO    [simplewallet] Height 209, transaction 010295c52c9a560d0d30bc34cbc4cf9e32d09adaf800a774c9a80da7966e07f9, received 0.00019330
2018-Feb-27 19:07:00.014982 INFO    [simplewallet] Height 210, transaction e39dfdef744c5768a7c39a3f85434329a36883b83755381d44d967d1357f3cbb, received 0.00016913
2018-Feb-27 19:07:00.015171 INFO    [simplewallet] Height 211, transaction 739c7ef344c3b1063b3ae7dd65171e5e9d9e0b9101d23ebe3309043c6f085200, received 0.00014799
2018-Feb-27 19:07:05.027500 INFO    [simplewallet] Height 212, transaction 3d8fbf94fd507edf5e4acedd8bdb6ac4ad40d8346e1d6cead7b4988f8718d306, received 0.00012949
2018-Feb-27 19:07:05.027737 INFO    [simplewallet] Height 213, transaction a2b52a90d3132d7ae402d60aed52ecc104a425ab0d5fbe3c2154418ed25f9037, received 0.00011331
2018-Feb-27 19:07:05.027899 INFO    [simplewallet] Height 214, transaction 782182ff68757cfc8728d673ab27ef767b9513a20749e39a879ecb9e56e1b484, received 0.00009914
2018-Feb-27 19:07:05.028056 INFO    [simplewallet] Height 215, transaction 5c72c29e1c27d97c02c2d7f26acd09d91af0d37d9ae6f8917bc3a9ff7cf2ff67, received 0.00008675
2018-Feb-27 19:07:05.028206 INFO    [simplewallet] Height 216, transaction cc72c0e974ce859d78ed7434a16451ba7564cc48ed950034f66a0dbbab6bebcd, received 0.00007591
2018-Feb-27 19:07:05.028355 INFO    [simplewallet] Height 217, transaction 9c8eb5fa0e97481c01380205461b4a02f2941556742f79a0ea01ed6ccc1d13ce, received 0.00006642
2018-Feb-27 19:07:05.028653 INFO    [simplewallet] Height 218, transaction d8d90fd78fb03781dea86e56f206fad59d97a4e74ff77032f337885521d82d80, received 0.00005812
2018-Feb-27 19:07:15.015428 INFO    [simplewallet] Height 219, transaction 7a0dec497e72ac978797eb27da124d937c2be459816637c545615ff2ef1492a1, received 0.00005085
2018-Feb-27 19:07:15.015670 INFO    [simplewallet] Height 220, transaction e9fd2d62288621be59449f5c9b4eefe31b440b996c4af27bb823ee6585f8e913, received 0.00004449
2018-Feb-27 19:08:10.058989 INFO    [simplewallet] Height 221, transaction 7e0abf3b3ddcb5c7bc6ca7b5fd3b250972fa76d4d3a8ebdcf4f0a180a427e626, received 0.00003893
2018-Feb-27 19:08:35.083962 INFO    [simplewallet] Height 222, transaction f9788203f890a2c94f4bcfad1e9953ad0ff3d4c2af65c9a399d002f16c5c40d6, received 0.00003407
2018-Feb-27 19:09:15.116895 INFO    [simplewallet] Height 223, transaction 122634f88530b4a15300c31f17c7550faea59669637c5438af6c3faa4117a87c, received 0.00002981
2018-Feb-27 19:09:20.120187 INFO    [simplewallet] Height 224, transaction 2c05c53ae17342afdb947765d18dd10b11bc4fb035fc24c18f5b6878a2bd47fd, received 0.00002608
2018-Feb-27 19:09:25.127851 INFO    [simplewallet] Height 225, transaction f4cc49b982645f376e65619335ebf6df72ddea1311677da42c9da0844ee692ab, received 0.00002282
2018-Feb-27 19:09:25.128082 INFO    [simplewallet] Height 226, transaction 7e59dfef4fbac5e6f04c083194db0db5ce10f0be7acaef522db34b10a7225b67, received 0.00001997
2018-Feb-27 19:09:25.128242 INFO    [simplewallet] Height 227, transaction 14c0aea5c105757efa6b17121594833a0b670ef90a43a98aaff1bad7060cb6e5, received 0.00001747
2018-Feb-27 19:09:35.134587 INFO    [simplewallet] Height 228, transaction 447e76bdc8c009bd159857c8ee511470baeff145dbb81bffccc9e1ca67f5e299, received 0.00001529
2018-Feb-27 19:10:00.157461 INFO    [simplewallet] Height 229, transaction b53f44f6391f2f4b7c2f3e35f29a1a69e55e5c79df9bdbe6403113ad51342146, received 0.00001338
2018-Feb-27 19:10:15.183236 INFO    [simplewallet] Height 230, transaction 3c7a61b7a933fbc8571e2a9578d4fb47da02e22a7b1371a30808e7cbf29fa863, received 0.00001171
2018-Feb-27 19:10:35.183975 INFO    [simplewallet] Height 231, transaction e6003e188c1df808c20e97a3524625e92a25c916de922de1074e0bb82b694a79, received 0.00001024
2018-Feb-27 19:10:40.188614 INFO    [simplewallet] Height 232, transaction e17b4fb89d57eb335a712b6538635a351fbf0fb3bd2b18caf478b52758d67c24, received 0.00000896
2018-Feb-27 19:10:45.196350 INFO    [simplewallet] Height 233, transaction 48561ac59d41c6df46c60474de6940a181ba08cb72b9a2eb177828d1719d0db8, received 0.00000784
2018-Feb-27 19:10:45.196587 INFO    [simplewallet] Height 234, transaction a2bed17989918ec44bbc363a07c978df01bacb0af6b5747f00770651640054dd, received 0.00000686
2018-Feb-27 19:10:55.201584 INFO    [simplewallet] Height 235, transaction 981edf731ed98f714f924dfb6dcba3457fdbb24f46ffe9c4b826da61d9c6915b, received 0.00000600
2018-Feb-27 19:10:55.203394 INFO    [simplewallet] Height 236, transaction 628cea690d44bdd56af3258aed75c9d72e326c59133f7695bfdbe2b2c3bf9951, received 0.00000525
2018-Feb-27 19:11:15.220519 INFO    [simplewallet] Height 237, transaction b03e5ecf4142c97116fa9f10104ed3ecb9e866e38ef1c2881f66493c15b1924e, received 0.00000460
2018-Feb-27 19:11:30.229877 INFO    [simplewallet] Height 238, transaction bc649b1628c3f0f05462a211bbf974662848dd6dc7de162d22c66af6b6652090, received 0.00000402
2018-Feb-27 19:11:40.238720 INFO    [simplewallet] Height 239, transaction 618c09d2968f952ea40eef223332ab42d32c33e1d2514627aa93cbe98a5c64e9, received 0.00000352
2018-Feb-27 19:11:40.238945 INFO    [simplewallet] Height 240, transaction 8b05afe408cd95915474a2861c9abc897e4ae6923180b12c243cf0fd8d6edcdc, received 0.00000308
2018-Feb-27 19:11:45.241029 INFO    [simplewallet] Height 241, transaction 7b4014e2320aa2953b64e674bb3898dae36ef781d5045fc7a4cef9ea83c01b70, received 0.00000270
2018-Feb-27 19:12:15.268311 INFO    [simplewallet] Height 242, transaction 19c9cae7dd18179f0cfec08553cf8593faf93b6b2afc9955ceab3ffe854bddfe, received 0.00000236
2018-Feb-27 19:12:50.304113 INFO    [simplewallet] Height 243, transaction 36a7bccf4a10f2c6daac0c27a1a43cc34f8e14be8f6ecdc6609d262e5c12be06, received 0.00000206
2018-Feb-27 19:12:50.304354 INFO    [simplewallet] Height 244, transaction 022864421e983d1a27b3f414f6a36353e63c522459ed841ea097acc88b88c812, received 0.00000181
2018-Feb-27 19:13:00.309779 INFO    [simplewallet] Height 245, transaction 0126dc0e4714b34fb9ce5298b8653c503981fa893600a38934ba6189c8c6b0af, received 0.00000158
2018-Feb-27 19:13:25.326576 INFO    [simplewallet] Height 246, transaction 4fb8ea4a7b6e7fc8fc8845806dadbc342b5ac81ae6e3b15b7b4800314007f319, received 0.00000138
2018-Feb-27 19:13:30.337523 INFO    [simplewallet] Height 247, transaction b5dfcc48d34898be3dc58f45ca5586f0e9e67706c9c0271c4ad66d0b74af24b5, received 0.00000121
2018-Feb-27 19:13:30.337736 INFO    [simplewallet] Height 248, transaction 73f669db3925bf8750dcf9de100744040ccf773da3690dffad4391f420941ed5, received 0.00000106
2018-Feb-27 19:13:30.337887 INFO    [simplewallet] Height 249, transaction 755d3f321356ce28509be9dfed95326f31a2d853fcd50d757cb39e3504dcaaa7, received 0.00000093
2018-Feb-27 19:13:30.338032 INFO    [simplewallet] Height 250, transaction 1c7d50f9332c7697a127d0a22a01cdd3f698a5b821e1761f3d468fcce9212995, received 0.00000081
2018-Feb-27 19:13:35.342740 INFO    [simplewallet] Height 251, transaction a038e3f481420b4b1b61d3ecb708c1dbaad195c9d363270d3fff6217258c9a79, received 0.00000071
2018-Feb-27 19:13:35.342976 INFO    [simplewallet] Height 252, transaction 92249e64525f9df4e8c8fa5c25f2cd45e32244d90346df489afad82cd0152103, received 0.00000062
2018-Feb-27 19:14:00.355121 INFO    [simplewallet] Height 253, transaction ba7c1994235b9a3712fec945c767daf42751a8c6bd7521684629a63f8e0fbc3b, received 0.00000054
2018-Feb-27 19:14:55.402489 INFO    [simplewallet] Height 254, transaction 0314052838559bcb390d78b71e58e97ab8d6fedf5fe1c5b905c0414e8d39c501, received 0.00000047
2018-Feb-27 19:15:05.412691 INFO    [simplewallet] Height 255, transaction 7f85fdfeee8fbf46693e955c50721353868f58c62ee05d180a884f3f54b5394c, received 0.00000042
2018-Feb-27 19:15:05.412914 INFO    [simplewallet] Height 256, transaction 525ecad6a9a5d99692f9f7cc6d078c8265a81d789994d2617fdd9bf1bcc8590b, received 0.00000036
2018-Feb-27 19:15:05.413071 INFO    [simplewallet] Height 257, transaction 3c6f6bb7eceb6fcc0750cf810948a4428b0cdcf57317909e3c51eb9afc9721ae, received 0.00000032
2018-Feb-27 19:15:05.413227 INFO    [simplewallet] Height 258, transaction 7d9eeb491bac891a7f2b35e7856c2c2f1d5ea790b1efe4251baae7a6480b588d, received 0.00000028
2018-Feb-27 19:15:10.418417 INFO    [simplewallet] Height 259, transaction 07e433d8b9c4ecdf19e3e8eeeca267179d80b6cc387273d99aaa96cdd91b6ada, received 0.00000024
2018-Feb-27 19:15:10.418650 INFO    [simplewallet] Height 260, transaction f226ca3b649b749a5fc69784e77d289fdb834a912ec3f6536f2ac9f706c90e32, received 0.00000021
2018-Feb-27 19:15:15.416865 INFO    [simplewallet] Height 261, transaction 6ee615a53a0ebf1650be1c9878a5d259c6d05b5f8da0a318bffd0e0af734c287, received 0.00000019
2018-Feb-27 19:15:25.424858 INFO    [simplewallet] Height 262, transaction 3f5d58d7f5118562eaa62a9d9981bcdc54ff0af9df6a9f68250a07ecb930fad9, received 0.00000016
2018-Feb-27 19:15:45.441879 INFO    [simplewallet] Height 263, transaction f8b4d00c3274a968a751823abf807b37bad52a98ac435f2656899c8f1866db47, received 0.00000014
2018-Feb-27 19:16:00.454870 INFO    [simplewallet] Height 264, transaction 7ac809c3af95181a051c1e2211879cb5761702943ba416bcc487849dfa1fd90c, received 0.00000013
2018-Feb-27 19:16:00.455109 INFO    [simplewallet] Height 265, transaction 59d61f9facbd4b84827191d2a337ec689cc49b3e1f432ab890dfb84770800f78, received 0.00000011
2018-Feb-27 19:16:05.455138 INFO    [simplewallet] Height 266, transaction 47ca86f3be67baab59558c37b564c23cb1161e8512506873e567580158377842, received 0.00000010
2018-Feb-27 19:16:25.485527 INFO    [simplewallet] Height 267, transaction c5732e42d61061485b6abb9430dd195969ab336893ebd68b8aab9a9b4ad4fbf7, received 0.00000008
2018-Feb-27 19:16:25.485750 INFO    [simplewallet] Height 268, transaction 648fda4f532dbc8ac5e2c126b61ad9781382f04ccdaacfcac4e61a147b8eeb9e, received 0.00000007
2018-Feb-27 19:38:35.397360 INFO    [simplewallet] Height 269, transaction 213635616905a2c5612f85174bbc05807cceac5f94b746fe80cb94ea4edb5e57, received 0.00000006
2018-Feb-27 19:38:35.397573 INFO    [simplewallet] Height 270, transaction eadb6fb7522477ed3600c883a2fb61c2e97a8760bc5fba6ab5b29cedf18cf4a1, received 0.00000006
2018-Feb-27 19:38:35.397726 INFO    [simplewallet] Height 271, transaction 998c1a9d7f5fbc0da04ea529eda48cf51337c6cc58d3f6f6963feccd6bbf0c59, received 0.00000005
2018-Feb-27 19:38:35.397872 INFO    [simplewallet] Height 272, transaction 24eef2b2fc51e7b3f371ccfe3b49d5e98620f9fc26b3a7013655707572216c1f, received 0.00000004
2018-Feb-27 19:38:35.398014 INFO    [simplewallet] Height 273, transaction 5b8cc1f7257495e8fa4129a64ddf8061f3a6415fd27ffb20d6fd817ac1db825d, received 0.00000004
2018-Feb-27 19:38:35.398156 INFO    [simplewallet] Height 274, transaction 836f0d69509ab692392c7f9738d523a45752940841b5196edca6d191032c610e, received 0.00000003
2018-Feb-27 19:38:40.407600 INFO    [simplewallet] Height 275, transaction 8c2b854bab0362dc5cfa9e22ca99d3ef5504e54a25166cf9b72623b10ad51de5, received 0.00000003
2018-Feb-27 19:38:40.407838 INFO    [simplewallet] Height 276, transaction a464db60de683a0ca70a23b3f89cd6d158c0e11425b23fa10e83b1e7d5fca4a1, received 0.00000003
2018-Feb-27 19:38:45.417215 INFO    [simplewallet] Height 277, transaction 79c619984bb7e00da1221cef85fbb7dce138482bf163dcc7f18c908f985a3154, received 0.00000002
2018-Feb-27 19:38:45.417429 INFO    [simplewallet] Height 278, transaction bd16988aba0c8f1b4943414a86f6c1a101229f1ffdbc4ed7106ad7f39ab9a50c, received 0.00000002
2018-Feb-27 19:38:45.417584 INFO    [simplewallet] Height 279, transaction 8c46d3afd87d0dbfa2e3dd46c5413216d2a39e5fa02cf5ef9bb3b9c47deb1d5f, received 0.00000002
2018-Feb-27 19:38:45.417729 INFO    [simplewallet] Height 280, transaction 4d2f02b7c180f335c8050fe23458a405a84489308e9dae6d215da229537c1665, received 0.00000001
2018-Feb-27 19:38:45.417871 INFO    [simplewallet] Height 281, transaction d2ad6403967049234e0e1d675d8a1050f6f6d87937835a6d0b84948a5c74aa9f, received 0.00000001
2018-Feb-27 19:38:45.418012 INFO    [simplewallet] Height 282, transaction 7460c19bd483be2309107560a053a016e923030285b88a291e1b3dadc5fd66b5, received 0.00000001
2018-Feb-27 19:38:45.418210 INFO    [simplewallet] Height 283, transaction 0cff081e3da26a1e042c5f6ef8df5b433f394a29b1b4e2cb85d47d6791d6e430, received 0.00000001
2018-Feb-27 19:38:45.418350 INFO    [simplewallet] Height 284, transaction 5bb00d5e8f932522e8ffb7c49b3fb0ef78837e1a6fc0fc9036b82ebeb90b6a0a, received 0.00000001
2018-Feb-27 19:38:45.418637 INFO    [simplewallet] Height 285, transaction d8e704c06268885a46e00f6fe10b640793f998ca719895efe3c286deb06d6c20, received 0.00000001
2018-Feb-27 19:38:45.418779 INFO    [simplewallet] Height 286, transaction b1ba0ab8c3132378e8267627705125ace3475de5bbb88fc3d01dd554f3be39b3, received 0.00000001
2018-Feb-27 19:38:55.406257 INFO    [simplewallet] Height 287, transaction 6881d6bbe2a7b0b7fedaf09a9043e87388352a138de335c4f020600e84d14d75, received 0.00000001
2018-Feb-27 19:44:04.326420 INFO    [simplewallet] available balance: 2099999999.98289318, locked amount: 0.01710675
2018-Feb-27 19:44:08.985500 INFO    [simplewallet] available balance: 2099999999.98503153, locked amount: 0.01496840
2018-Feb-27 19:47:32.089833 INFO    [simplewallet] available balance: 2099999999.99953504, locked amount: 0.00046489
2018-Feb-27 21:05:32.429173 INFO    [simplewallet] available balance: 2099999999.99999993, locked amount: 0.00000000
